20130117213032|autredomaine_test|1|7777|slooti|proc_test|INFO|0|60 lignes supprimées
20130117213033|autredomaine_test|1|7777|slooti|proc_test|INFO|0|Ouverture du panneau de commande de la table logerr
20130117213033|autredomaine_test|1|7777|slooti|proc_test|INFO|0|Ouverture de la table logerr de type FT
20130117213033|autredomaine_test|1|7777|slooti|proc_test|INFO|0|0 lignes supprimées
20130117213035|TOOLS|6625|6628|slooti|CheckDataInTable|INFO|0|Demarrage du programme (ARG=error_messages Function = TEST)
20130117213035|TOOLS|6625|6628|slooti|CheckDataInTable|INFO|0|Ouverture du panneau de commande de la table error_messages
20130117213035|TOOLS|6625|6628|slooti|CheckDataInTable|INFO|0|Ouverture de la table error_messages de type FT
20130117213036|TOOLS|6625|6628|slooti|CheckDataInTable|INFO|0|Condition de selection sur error_messages : Function = TEST
20130117213036|TOOLS|6625|6628|slooti|CheckDataInTable|INFO|0|Sortie du programme avec le code 0
20130117213037|TOOLS|6625|6629|slooti|CheckDataInTable|INFO|0|Demarrage du programme (ARG=error_messages Function = TEST 9)
20130117213037|TOOLS|6625|6629|slooti|CheckDataInTable|INFO|0|Ouverture du panneau de commande de la table error_messages
20130117213037|TOOLS|6625|6629|slooti|CheckDataInTable|INFO|0|Ouverture de la table error_messages de type FT
20130117213037|TOOLS|6625|6629|slooti|CheckDataInTable|INFO|0|Condition de selection sur error_messages : Function = TEST
20130117213038|TOOLS|6625|6629|slooti|CheckDataInTable|INFO|0|Sortie du programme avec le code 0
20130117213038|TOOLS|6625|6630|slooti|CheckDataInTable|INFO|0|Demarrage du programme (ARG=error_messages Function = TEST 0)
20130117213039|TOOLS|6625|6630|slooti|CheckDataInTable|INFO|0|Ouverture du panneau de commande de la table error_messages
20130117213039|TOOLS|6625|6630|slooti|CheckDataInTable|INFO|0|Ouverture de la table error_messages de type FT
20130117213039|TOOLS|6625|6630|slooti|CheckDataInTable|INFO|0|Condition de selection sur error_messages : Function = TEST
20130117213039|TOOLS|6625|6630|slooti|CheckDataInTable|INFO|1|Sortie du programme avec le code 1
20130117213040|TOOLS|6625|6631|slooti|CheckDataInTable|INFO|0|Demarrage du programme (ARG=error_messages Function = TEST 1-4,2-10)
20130117213040|TOOLS|6625|6631|slooti|CheckDataInTable|INFO|0|Ouverture du panneau de commande de la table error_messages
20130117213040|TOOLS|6625|6631|slooti|CheckDataInTable|INFO|0|Ouverture de la table error_messages de type FT
20130117213041|TOOLS|6625|6631|slooti|CheckDataInTable|INFO|0|Condition de selection sur error_messages : Function = TEST
20130117213041|TOOLS|6625|6631|slooti|CheckDataInTable|INFO|0|Sortie du programme avec le code 0
20130117213042|TOOLS|6625|6632|slooti|CheckDataInTable|INFO|0|Demarrage du programme (ARG=error_messages Function = TEST 1-4,10-12)
20130117213042|TOOLS|6625|6632|slooti|CheckDataInTable|INFO|0|Ouverture du panneau de commande de la table error_messages
20130117213042|TOOLS|6625|6632|slooti|CheckDataInTable|INFO|0|Ouverture de la table error_messages de type FT
20130117213042|TOOLS|6625|6632|slooti|CheckDataInTable|INFO|0|Condition de selection sur error_messages : Function = TEST
20130117213043|TOOLS|6625|6632|slooti|CheckDataInTable|INFO|1|Sortie du programme avec le code 1
20130117213045|TOOLS|6633|6636|slooti|Parameters|INFO|0|Ouverture du panneau de commande de la table parameters
20130117213045|TOOLS|6633|6636|slooti|Parameters|INFO|0|Ouverture de la table parameters de type FT
20130117213046|TOOLS|6633|6637|slooti|Parameters|INFO|0|Ouverture du panneau de commande de la table parameters
20130117213046|TOOLS|6633|6637|slooti|Parameters|INFO|0|Ouverture de la table parameters de type FT
20130117213047|TOOLS|6633|6638|slooti|Parameters|INFO|0|Ouverture du panneau de commande de la table parameters
20130117213047|TOOLS|6633|6638|slooti|Parameters|INFO|0|Ouverture de la table parameters de type FT
20130117213048|TOOLS|6633|6639|slooti|Parameters|INFO|0|Ouverture du panneau de commande de la table parameters
20130117213048|TOOLS|6633|6639|slooti|Parameters|INFO|0|Ouverture de la table parameters de type FT
20130117213049|TOOLS|6633|6640|slooti|Parameters|INFO|0|Ouverture du panneau de commande de la table parameters
20130117213049|TOOLS|6633|6640|slooti|Parameters|INFO|0|Ouverture de la table parameters de type FT
20130117213050|TOOLS|6633|6649|slooti|Parameters|INFO|0|Ouverture du panneau de commande de la table parameters
20130117213050|TOOLS|6633|6649|slooti|Parameters|INFO|0|Ouverture de la table parameters de type FT
20130117213051|TOOLS|6633|6650|slooti|Parameters|INFO|0|Ouverture du panneau de commande de la table parameters
20130117213051|TOOLS|6633|6650|slooti|Parameters|INFO|0|Ouverture de la table parameters de type FT
20130117213052|TOOLS|6633|6651|slooti|Parameters|INFO|0|Ouverture du panneau de commande de la table parameters
20130117213052|TOOLS|6633|6651|slooti|Parameters|INFO|0|Ouverture de la table parameters de type FT
20130117213055|TOOLS|6663|6665|slooti|Read_Row|CRITICAL|202|La chaine de definition SEP n'est pas valide ou est absente at /home/slooti/slooti-dev/scriptcooker/bin/Read_Row line 130
20130117213057|TOOLS|6666|6667|slooti|Select|INFO|0|Ouverture du panneau de commande de la table error_messages
20130117213057|TOOLS|6666|6667|slooti|Select|INFO|0|Ouverture de la table error_messages de type FT
20130117213059|TOOLS|6670|6671|slooti|Select|INFO|0|Ouverture du panneau de commande de la table error_messages
20130117213059|TOOLS|6670|6671|slooti|Select|INFO|0|Ouverture de la table error_messages de type FT
20130117213100|TOOLS|6673|6674|slooti|Select|INFO|0|Ouverture du panneau de commande de la table error_messages
20130117213100|TOOLS|6673|6674|slooti|Select|INFO|0|Ouverture de la table error_messages de type FT
20130117213102|TOOLS|6676|6677|slooti|Select|INFO|0|Ouverture du panneau de commande de la table error_messages
20130117213102|TOOLS|6676|6677|slooti|Select|INFO|0|Ouverture de la table error_messages de type FT
20130117213104|TOOLS|6679|6680|slooti|Select|INFO|0|Ouverture du panneau de commande de la table error_messages
20130117213104|TOOLS|6679|6680|slooti|Select|INFO|0|Ouverture de la table error_messages de type FT
20130117213106|TOOLS|6682|6683|slooti|Select|INFO|0|Ouverture du panneau de commande de la table error_messages
20130117213106|TOOLS|6682|6683|slooti|Select|INFO|0|Ouverture de la table error_messages de type FT
20130117213106|TOOLS|6682|6683|slooti|Select|INFO|0|Condition de selection sur error_messages : Function=TEST AND Error=2
20130117213108|TOOLS|6685|6686|slooti|Select|INFO|0|Ouverture du panneau de commande de la table error_messages
20130117213108|TOOLS|6685|6686|slooti|Select|INFO|0|Ouverture de la table error_messages de type FT
20130117213109|TOOLS|6685|6686|slooti|Select|INFO|0|Condition de selection sur error_messages : Function=TEST AND Error=2
20130117213111|TOOLS|6688|6689|slooti|Select|INFO|0|Ouverture du panneau de commande de la table error_messages
20130117213111|TOOLS|6688|6689|slooti|Select|INFO|0|Ouverture de la table error_messages de type FT
20130117213111|TOOLS|6688|6689|slooti|Select|INFO|0|Condition de selection sur error_messages : Function=TEST AND Error=2
20130117213113|TOOLS|6691|6692|slooti|Select|INFO|0|Ouverture du panneau de commande de la table error_messages
20130117213113|TOOLS|6691|6692|slooti|Select|INFO|0|Ouverture de la table error_messages de type FT
20130117213113|TOOLS|6691|6692|slooti|Select|INFO|0|Condition de selection sur error_messages : Function=TEST AND Error=2
20130117213115|TOOLS|6694|6695|slooti|Select|INFO|0|Ouverture du panneau de commande de la table error_messages
20130117213115|TOOLS|6694|6695|slooti|Select|INFO|0|Ouverture de la table error_messages de type FT
20130117213116|TOOLS|6694|6695|slooti|Select|INFO|0|Condition de selection sur error_messages : Function=TEST AND Error=2
20130117213118|TOOLS|6697|6698|slooti|Select|INFO|0|Ouverture du panneau de commande de la table error_messages
20130117213118|TOOLS|6697|6698|slooti|Select|INFO|0|Ouverture de la table error_messages de type FT
20130117213118|TOOLS|6697|6698|slooti|Select|INFO|0|Condition de selection sur error_messages : Function=TEST AND Error=3
20130117213120|TOOLS|6700|6701|slooti|Select|INFO|0|Ouverture du panneau de commande de la table error_messages
20130117213120|TOOLS|6700|6701|slooti|Select|INFO|0|Ouverture de la table error_messages de type FT
20130117213120|TOOLS|6700|6701|slooti|Select|INFO|0|Condition de selection sur error_messages : Function=TEST AND Error=3
20130117213122|TOOLS|6703|6704|slooti|Select|INFO|0|Ouverture du panneau de commande de la table error_messages
20130117213122|TOOLS|6703|6704|slooti|Select|INFO|0|Ouverture de la table error_messages de type FT
20130117213123|TOOLS|6703|6704|slooti|Select|INFO|0|Condition de selection sur error_messages : Function=TEST AND Error=3
20130117213125|TOOLS|6706|6707|slooti|Select|INFO|0|Ouverture du panneau de commande de la table error_messages
20130117213125|TOOLS|6706|6707|slooti|Select|INFO|0|Ouverture de la table error_messages de type FT
20130117213125|TOOLS|6706|6707|slooti|Select|INFO|0|Condition de selection sur error_messages : Function=TEST AND Error=3
20130117213127|TOOLS|6709|6710|slooti|Select|INFO|0|Ouverture du panneau de commande de la table error_messages
20130117213127|TOOLS|6709|6710|slooti|Select|INFO|0|Ouverture de la table error_messages de type FT
20130117213127|TOOLS|6709|6710|slooti|Select|INFO|0|Condition de selection sur error_messages : Function=TEST AND Error=3
20130117213129|TOOLS|6712|6713|slooti|Select|INFO|0|Ouverture du panneau de commande de la table error_messages
20130117213129|TOOLS|6712|6713|slooti|Select|INFO|0|Ouverture de la table error_messages de type FT
20130117213130|TOOLS|6712|6713|slooti|Select|INFO|0|Condition de selection sur error_messages : Function=TEST AND Error=4
20130117213132|TOOLS|6715|6716|slooti|Select|INFO|0|Ouverture du panneau de commande de la table error_messages
20130117213132|TOOLS|6715|6716|slooti|Select|INFO|0|Ouverture de la table error_messages de type FT
20130117213132|TOOLS|6715|6716|slooti|Select|INFO|0|Condition de selection sur error_messages : Function=TEST AND Error=4
20130117213134|TOOLS|6718|6719|slooti|Select|INFO|0|Ouverture du panneau de commande de la table error_messages
20130117213134|TOOLS|6718|6719|slooti|Select|INFO|0|Ouverture de la table error_messages de type FT
20130117213134|TOOLS|6718|6719|slooti|Select|INFO|0|Condition de selection sur error_messages : Function=TEST AND Error=4
20130117213136|TOOLS|6721|6722|slooti|Select|INFO|0|Ouverture du panneau de commande de la table error_messages
20130117213136|TOOLS|6721|6722|slooti|Select|INFO|0|Ouverture de la table error_messages de type FT
20130117213137|TOOLS|6721|6722|slooti|Select|INFO|0|Condition de selection sur error_messages : Function=TEST AND Error=4
20130117213139|TOOLS|6724|6725|slooti|Select|INFO|0|Ouverture du panneau de commande de la table error_messages
20130117213139|TOOLS|6724|6725|slooti|Select|INFO|0|Ouverture de la table error_messages de type FT
20130117213139|TOOLS|6724|6725|slooti|Select|INFO|0|Condition de selection sur error_messages : Function=TEST AND Error=4
20130117213141|TOOLS|6727|6728|slooti|Select|INFO|0|Ouverture du panneau de commande de la table error_messages
20130117213141|TOOLS|6727|6728|slooti|Select|INFO|0|Ouverture de la table error_messages de type FT
20130117213141|TOOLS|6727|6728|slooti|Select|INFO|0|Condition de selection sur error_messages : Function=TEST AND Error=6
20130117213143|TOOLS|6730|6731|slooti|Select|INFO|0|Ouverture du panneau de commande de la table error_messages
20130117213143|TOOLS|6730|6731|slooti|Select|INFO|0|Ouverture de la table error_messages de type FT
20130117213144|TOOLS|6730|6731|slooti|Select|INFO|0|Condition de selection sur error_messages : Function=TEST AND Error=6
20130117213145|TOOLS|6733|6734|slooti|Select|INFO|0|Ouverture du panneau de commande de la table error_messages
20130117213145|TOOLS|6733|6734|slooti|Select|INFO|0|Ouverture de la table error_messages de type FT
20130117213146|TOOLS|6733|6734|slooti|Select|INFO|0|Condition de selection sur error_messages : Function=TEST AND Error=6
20130117213148|TOOLS|6736|6737|slooti|Select|INFO|0|Ouverture du panneau de commande de la table error_messages
20130117213148|TOOLS|6736|6737|slooti|Select|INFO|0|Ouverture de la table error_messages de type FT
20130117213148|TOOLS|6736|6737|slooti|Select|INFO|0|Condition de selection sur error_messages : Function=TEST AND Error=6
20130117213150|TOOLS|6739|6740|slooti|Select|INFO|0|Ouverture du panneau de commande de la table error_messages
20130117213150|TOOLS|6739|6740|slooti|Select|INFO|0|Ouverture de la table error_messages de type FT
20130117213151|TOOLS|6739|6740|slooti|Select|INFO|0|Condition de selection sur error_messages : Function=TEST AND Error=6
20130117213152|TOOLS|6742|6743|slooti|Select|INFO|0|Ouverture du panneau de commande de la table error_messages
20130117213152|TOOLS|6742|6743|slooti|Select|INFO|0|Ouverture de la table error_messages de type FT
20130117213154|TOOLS|6745|6746|slooti|Select|INFO|0|Ouverture du panneau de commande de la table error_messages
20130117213154|TOOLS|6745|6746|slooti|Select|INFO|0|Ouverture de la table error_messages de type FT
20130117213156|TOOLS|6748|6749|slooti|Select|INFO|0|Ouverture du panneau de commande de la table error_messages
20130117213156|TOOLS|6748|6749|slooti|Select|INFO|0|Ouverture de la table error_messages de type FT
20130117213156|TOOLS|6748|6750|slooti|Read_Row|CRITICAL|202|La chaine de definition SEP n'est pas valide ou est absente at /home/slooti/slooti-dev/scriptcooker/bin/Read_Row line 130
20130117213158|TOOLS|6753|6754|slooti|Select|INFO|0|Ouverture du panneau de commande de la table error_messages
20130117213158|TOOLS|6753|6754|slooti|Select|INFO|0|Ouverture de la table error_messages de type FT
20130117213200|TOOLS|6756|6757|slooti|Select|INFO|0|Ouverture du panneau de commande de la table error_messages
20130117213200|TOOLS|6756|6757|slooti|Select|INFO|0|Ouverture de la table error_messages de type FT
20130117213541|TOOLS|7014|7017|slooti|Search_File|ERROR|0|Le nombre d'arguments est incorrect
20130117213541|TOOLS|7014|7017|slooti|Search_File|CRITICAL|202|Usage: Search_File [-h] {-f\|-e\|-l\|-d\|-c\|-t\|-T\|-p PATH} File \| File.suf at /home/slooti/slooti-dev/scriptcooker/bin/Search_File line 73
20130117213541|TOOLS|7014|7017|slooti|Search_File|CRITICAL|202|^	main::usage() called at /home/slooti/slooti-dev/scriptcooker/bin/Search_File line 122
20130117213542|TOOLS|7014|7018|slooti|Search_File|CRITICAL|202|Usage: Search_File [-h] {-f\|-e\|-l\|-d\|-c\|-t\|-T\|-p PATH} File \| File.suf at /home/slooti/slooti-dev/scriptcooker/bin/Search_File line 73
20130117213542|TOOLS|7014|7018|slooti|Search_File|CRITICAL|202|^	main::usage() called at /home/slooti/slooti-dev/scriptcooker/bin/Search_File line 155
20130117213543|TOOLS|7014|7019|slooti|Search_File|INFO|0|Recherche du fichier dans un PATH
20130117213544|TOOLS|7014|7020|slooti|Search_File|INFO|0|Création d'un objet Define
20130117213544|TOOLS|7014|7021|slooti|Search_File|INFO|0|Recherche du fichier dans un PATH
20130117213545|TOOLS|7014|7022|slooti|Search_File|INFO|0|Recherche du fichier dans un PATH
20130117213546|TOOLS|7014|7023|slooti|Search_File|INFO|0|Recherche du fichier dans un PATH
20130117213546|TOOLS|7014|7023|slooti|Search_File|CRITICAL|202|Impossible de trouver le fichier error_messages_file at /home/slooti/slooti-dev/scriptcooker/bin/Search_File line 197
20130117213546|TOOLS|7014|7024|slooti|Search_File|INFO|0|Création d'un objet Define
20130117213547|TOOLS|7014|7024|slooti|Search_File|INFO|0|Le separateur implicite implicite ',' ne sera plus pris en charge dans la prochaine version des I-TOOLS : error_messages_file (SORT=Function, Error)
20130117213547|TOOLS|7014|7025|slooti|Search_File|INFO|0|Création d'un objet Define
20130117213547|TOOLS|7014|7025|slooti|Search_File|INFO|0|Le separateur implicite implicite ',' ne sera plus pris en charge dans la prochaine version des I-TOOLS : error_messages_file_bad (SORT=Function, Error)
20130117213547|TOOLS|7014|7025|slooti|Search_File|CRITICAL|202|Impossible de trouver la table error_messages_file_bad at /home/slooti/slooti-dev/scriptcooker/bin/Search_File line 173
20130117213548|TOOLS|7014|7026|slooti|Search_File|INFO|0|Création d'un objet Define
20130117213548|TOOLS|7014|7026|slooti|Search_File|INFO|0|Le separateur implicite implicite ',' ne sera plus pris en charge dans la prochaine version des I-TOOLS : error_messages_file_dyn (SORT=Function, Error)
20130117213549|TOOLS|7014|7027|slooti|Search_File|INFO|0|Recherche du fichier dans un PATH
20130117213549|TOOLS|7014|7027|slooti|Search_File|CRITICAL|202|Impossible de trouver le fichier error_messages_file_dyn at /home/slooti/slooti-dev/scriptcooker/bin/Search_File line 197
20130117213550|TOOLS|7014|7028|slooti|Search_File|INFO|0|Création d'un objet Define
20130117213550|TOOLS|7014|7028|slooti|Search_File|INFO|0|Le separateur implicite implicite ',' ne sera plus pris en charge dans la prochaine version des I-TOOLS : error_messages_file_dyn_bad (SORT=Function, Error)
20130117213550|TOOLS|7014|7028|slooti|Search_File|CRITICAL|202|Impossible de trouver la table error_messages_file_dyn_bad at /home/slooti/slooti-dev/scriptcooker/bin/Search_File line 173
20130117213550|TOOLS|7014|7029|slooti|Search_File|INFO|0|Création d'un objet Define
20130117213550|TOOLS|7014|7029|slooti|Search_File|INFO|0|Le separateur implicite implicite ',' ne sera plus pris en charge dans la prochaine version des I-TOOLS : error_messages_notab (SORT=Function, Error)
20130117213550|TOOLS|7014|7029|slooti|Search_File|WARNING|0|Use of uninitialized value in -e at /home/slooti/slooti-dev/scriptcooker/bin/Search_File line 169.
20130117213550|TOOLS|7014|7029|slooti|Search_File|CRITICAL|202|Impossible de trouver la table error_messages_notab at /home/slooti/slooti-dev/scriptcooker/bin/Search_File line 173
20130117213551|TOOLS|7014|7030|slooti|Search_File|INFO|0|Création d'un objet Define
20130117213551|TOOLS|7014|7030|slooti|Search_File|INFO|0|Le separateur implicite implicite ',' ne sera plus pris en charge dans la prochaine version des I-TOOLS : table_command (SORT=Function, N#Error)
20130117213551|TOOLS|7014|7030|slooti|Search_File|CRITICAL|202|La table table_command est une table virtuelle at /home/slooti/slooti-dev/scriptcooker/bin/Search_File line 166
20130117213552|TOOLS|7014|7031|slooti|Search_File|INFO|0|Création d'un objet Define
20130117213553|TOOLS|7014|7032|slooti|Search_File|INFO|0|Recherche du fichier dans un PATH
20130117213553|TOOLS|7014|7033|slooti|Search_File|INFO|0|Recherche du fichier dans un PATH
20130117213554|TOOLS|7014|7034|slooti|Search_File|INFO|0|Recherche du fichier dans un PATH
20130117213555|TOOLS|7014|7035|slooti|Search_File|INFO|0|Recherche du fichier dans un PATH
20130117213556|TOOLS|7014|7036|slooti|Search_File|INFO|0|Recherche du fichier dans un PATH
20130117213556|TOOLS|7014|7037|slooti|Search_File|INFO|0|Recherche du fichier dans un PATH
20130117213557|TOOLS|7014|7038|slooti|Search_File|INFO|0|Recherche du fichier dans un PATH
20130117213558|TOOLS|7014|7039|slooti|Search_File|INFO|0|Recherche du fichier dans un PATH
20130117213559|TOOLS|7014|7040|slooti|Search_File|INFO|0|Recherche directe du fichier t/sample/bin/PC_LIST_TABLE
20130117213559|TOOLS|7014|7041|slooti|Search_File|INFO|0|Recherche directe du fichier t/sample/bin/unknown_file
20130117213559|TOOLS|7014|7041|slooti|Search_File|CRITICAL|202|Impossible de trouver le fichier t/sample/bin/unknown_file at /home/slooti/slooti-dev/scriptcooker/bin/Search_File line 178
20130117213601|TOOLS|7042|7045|slooti|Select|ERROR|0|Le nombre d'arguments est incorrect
20130117213601|TOOLS|7042|7045|slooti|Select|CRITICAL|202|Usage: Select [-h] [-e] [-s] [-m Sep] [-r Nlines] [Columns]
20130117213601|TOOLS|7042|7045|slooti|Select|CRITICAL|202|^            FROM <Table\|-> [WHERE <Condition>] [ORDER_BY <Columns>]
20130117213602|TOOLS|7042|7046|slooti|Select|INFO|0|Ouverture du panneau de commande de la table error_messages
20130117213602|TOOLS|7042|7046|slooti|Select|INFO|0|Ouverture de la table error_messages de type FT
20130117213603|TOOLS|7042|7047|slooti|Select|INFO|0|Ouverture du panneau de commande de la table error_messages
20130117213603|TOOLS|7042|7047|slooti|Select|INFO|0|Ouverture de la table error_messages de type FT
20130117213604|TOOLS|7042|7048|slooti|Select|INFO|0|Ouverture du panneau de commande de la table error_messages
20130117213604|TOOLS|7042|7048|slooti|Select|INFO|0|Ouverture de la table error_messages de type FT
20130117213605|TOOLS|7042|7049|slooti|Select|INFO|0|Ouverture du panneau de commande de la table error_messages
20130117213605|TOOLS|7042|7049|slooti|Select|INFO|0|Ouverture de la table error_messages de type FT
20130117213607|TOOLS|7042|7050|slooti|Select|INFO|0|Ouverture du panneau de commande de la table error_messages
20130117213607|TOOLS|7042|7050|slooti|Select|INFO|0|Ouverture de la table error_messages de type FT
20130117213608|TOOLS|7042|7051|slooti|Select|INFO|0|Ouverture du panneau de commande de la table error_messages
20130117213608|TOOLS|7042|7051|slooti|Select|INFO|0|Ouverture de la table error_messages de type FT
20130117213609|TOOLS|7042|7052|slooti|Select|INFO|0|Ouverture du panneau de commande de la table error_messages
20130117213609|TOOLS|7042|7052|slooti|Select|INFO|0|Ouverture de la table error_messages de type FT
20130117213610|TOOLS|7042|7053|slooti|Select|INFO|0|Le separateur implicite implicite ',' ne sera plus pris en charge dans la prochaine version des I-TOOLS : error_messages_sort (SORT=Function, Error)
20130117213610|TOOLS|7042|7053|slooti|Select|INFO|0|Le separateur implicite implicite ',' ne sera plus pris en charge dans la prochaine version des I-TOOLS : error_messages_sort (SORT=Function, Error)
20130117213610|TOOLS|7042|7053|slooti|Select|INFO|0|Ouverture du panneau de commande de la table error_messages_sort
20130117213610|TOOLS|7042|7053|slooti|Select|INFO|0|Ouverture de la table error_messages_sort de type FT
20130117213611|TOOLS|7042|7054|slooti|Select|INFO|0|Le separateur implicite implicite ',' ne sera plus pris en charge dans la prochaine version des I-TOOLS : error_messages_sort (SORT=Function, Error)
20130117213611|TOOLS|7042|7054|slooti|Select|INFO|0|Le separateur implicite implicite ',' ne sera plus pris en charge dans la prochaine version des I-TOOLS : error_messages_sort (SORT=Function, Error)
20130117213611|TOOLS|7042|7054|slooti|Select|INFO|0|Ouverture du panneau de commande de la table error_messages_sort
20130117213611|TOOLS|7042|7054|slooti|Select|INFO|0|Ouverture de la table error_messages_sort de type FT
20130117213612|TOOLS|7042|7055|slooti|Select|INFO|0|Le separateur implicite implicite ',' ne sera plus pris en charge dans la prochaine version des I-TOOLS : error_messages_sort (SORT=Function, Error)
20130117213612|TOOLS|7042|7055|slooti|Select|INFO|0|Le separateur implicite implicite ',' ne sera plus pris en charge dans la prochaine version des I-TOOLS : error_messages_sort (SORT=Function, Error)
20130117213612|TOOLS|7042|7055|slooti|Select|INFO|0|Ouverture du panneau de commande de la table error_messages_sort
20130117213612|TOOLS|7042|7055|slooti|Select|INFO|0|Ouverture de la table error_messages_sort de type FT
20130117213613|TOOLS|7042|7056|slooti|Select|INFO|0|Le separateur implicite implicite ',' ne sera plus pris en charge dans la prochaine version des I-TOOLS : error_messages_sort (SORT=Function, Error)
20130117213613|TOOLS|7042|7056|slooti|Select|INFO|0|Le separateur implicite implicite ',' ne sera plus pris en charge dans la prochaine version des I-TOOLS : error_messages_sort (SORT=Function, Error)
20130117213613|TOOLS|7042|7056|slooti|Select|INFO|0|Ouverture du panneau de commande de la table error_messages_sort
20130117213613|TOOLS|7042|7056|slooti|Select|INFO|0|Ouverture de la table error_messages_sort de type FT
20130117213614|TOOLS|7042|7057|slooti|Select|INFO|0|Le separateur implicite implicite ',' ne sera plus pris en charge dans la prochaine version des I-TOOLS : error_messages_sort (SORT=Function, Error)
20130117213614|TOOLS|7042|7057|slooti|Select|INFO|0|Le separateur implicite implicite ',' ne sera plus pris en charge dans la prochaine version des I-TOOLS : error_messages_sort (SORT=Function, Error)
20130117213614|TOOLS|7042|7057|slooti|Select|INFO|0|Ouverture du panneau de commande de la table error_messages_sort
20130117213614|TOOLS|7042|7057|slooti|Select|INFO|0|Ouverture de la table error_messages_sort de type FT
20130117213615|TOOLS|7042|7058|slooti|Select|INFO|0|Le separateur implicite implicite ',' ne sera plus pris en charge dans la prochaine version des I-TOOLS : error_messages_sort (SORT=Function, Error)
20130117213615|TOOLS|7042|7058|slooti|Select|INFO|0|Le separateur implicite implicite ',' ne sera plus pris en charge dans la prochaine version des I-TOOLS : error_messages_sort (SORT=Function, Error)
20130117213615|TOOLS|7042|7058|slooti|Select|INFO|0|Ouverture du panneau de commande de la table error_messages_sort
20130117213615|TOOLS|7042|7058|slooti|Select|INFO|0|Ouverture de la table error_messages_sort de type FT
20130117213617|TOOLS|7059|7060|slooti|Select|INFO|0|Ouverture du panneau de commande de la table error_messages
20130117213617|TOOLS|7059|7060|slooti|Select|INFO|0|Ouverture de la table error_messages de type FT
20130117213620|TOOLS|7062|7063|slooti|Select|INFO|0|Ouverture du panneau de commande de la table error_messages
20130117213620|TOOLS|7062|7063|slooti|Select|INFO|0|Ouverture de la table error_messages de type FT
20130117213622|TOOLS|7065|7066|slooti|Select|INFO|0|Ouverture du panneau de commande de la table error_messages
20130117213622|TOOLS|7065|7066|slooti|Select|INFO|0|Ouverture de la table error_messages de type FT
20130117213622|TOOLS|7065|7067|slooti|Select|CRITICAL|203|La chaine de definition n'est pas valide ou est absente at /home/slooti/slooti-dev/scriptcooker/bin/Select line 163
20130117213623|TOOLS|7042|7068|slooti|Select|INFO|0|Ouverture du panneau de commande de la table error_messages
20130117213623|TOOLS|7042|7068|slooti|Select|INFO|0|Ouverture de la table error_messages de type FT
20130117213624|TOOLS|7042|7069|slooti|Select|INFO|0|Ouverture du panneau de commande de la table error_messages
20130117213624|TOOLS|7042|7069|slooti|Select|INFO|0|Ouverture de la table error_messages de type FT
20130117213625|TOOLS|7042|7070|slooti|Select|INFO|0|Ouverture du panneau de commande de la table table_space
20130117213625|TOOLS|7042|7070|slooti|Select|INFO|0|Ouverture de la table table_space de type FT
20130117213626|TOOLS|7042|7071|slooti|Select|INFO|0|Ouverture du panneau de commande de la table table_space
20130117213626|TOOLS|7042|7071|slooti|Select|INFO|0|Ouverture de la table table_space de type FT
20130117213627|TOOLS|7042|7072|slooti|Select|INFO|0|Ouverture du panneau de commande de la table error_messages
20130117213627|TOOLS|7042|7072|slooti|Select|INFO|0|Ouverture de la table error_messages de type FT
20130117213628|TOOLS|7042|7073|slooti|Select|INFO|0|Ouverture du panneau de commande de la table error_messages
20130117213628|TOOLS|7042|7073|slooti|Select|INFO|0|Ouverture de la table error_messages de type FT
20130117213629|TOOLS|7042|7073|slooti|Select|INFO|0|Condition de selection sur error_messages : Function=Check
20130117213630|TOOLS|7042|7074|slooti|Select|INFO|0|Ouverture du panneau de commande de la table error_messages
20130117213630|TOOLS|7042|7074|slooti|Select|INFO|0|Ouverture de la table error_messages de type FT
20130117213630|TOOLS|7042|7074|slooti|Select|INFO|0|Condition de selection sur error_messages : Function=Check
20130117213631|TOOLS|7042|7075|slooti|Select|INFO|0|Ouverture du panneau de commande de la table error_messages
20130117213631|TOOLS|7042|7075|slooti|Select|INFO|0|Ouverture de la table error_messages de type FT
20130117213632|TOOLS|7042|7075|slooti|Select|INFO|0|Condition de selection sur error_messages : Function =Check
20130117213633|TOOLS|7042|7076|slooti|Select|INFO|0|Ouverture du panneau de commande de la table error_messages
20130117213633|TOOLS|7042|7076|slooti|Select|INFO|0|Ouverture de la table error_messages de type FT
20130117213633|TOOLS|7042|7076|slooti|Select|INFO|0|Condition de selection sur error_messages : Function= Check
20130117213634|TOOLS|7042|7077|slooti|Select|INFO|0|Ouverture du panneau de commande de la table error_messages
20130117213634|TOOLS|7042|7077|slooti|Select|INFO|0|Ouverture de la table error_messages de type FT
20130117213635|TOOLS|7042|7077|slooti|Select|INFO|0|Condition de selection sur error_messages : Function = Check
20130117213636|TOOLS|7042|7078|slooti|Select|INFO|0|Ouverture du panneau de commande de la table error_messages
20130117213636|TOOLS|7042|7078|slooti|Select|INFO|0|Ouverture de la table error_messages de type FT
20130117213636|TOOLS|7042|7078|slooti|Select|INFO|0|Condition de selection sur error_messages : Function = Check
20130117213637|TOOLS|7042|7079|slooti|Select|INFO|0|Ouverture du panneau de commande de la table error_messages
20130117213637|TOOLS|7042|7079|slooti|Select|INFO|0|Ouverture de la table error_messages de type FT
20130117213638|TOOLS|7042|7079|slooti|Select|CRITICAL|202|La valeur donnee pour la colonne Function n'est pas correcte. at /home/slooti/slooti-dev/scriptcooker/bin/Select line 182
20130117213639|TOOLS|7042|7080|slooti|Select|INFO|0|Ouverture du panneau de commande de la table error_messages
20130117213639|TOOLS|7042|7080|slooti|Select|INFO|0|Ouverture de la table error_messages de type FT
20130117213639|TOOLS|7042|7080|slooti|Select|CRITICAL|202|La colonne Unknown n'existe pas at /home/slooti/slooti-dev/scriptcooker/bin/Select line 182
20130117213640|TOOLS|7042|7081|slooti|Select|INFO|0|Ouverture du panneau de commande de la table error_messages
20130117213640|TOOLS|7042|7081|slooti|Select|INFO|0|Ouverture de la table error_messages de type FT
20130117213641|TOOLS|7042|7081|slooti|Select|INFO|0|Condition de selection sur error_messages : Function=.Message
20130117213642|TOOLS|7042|7082|slooti|Select|INFO|0|Ouverture du panneau de commande de la table error_messages
20130117213642|TOOLS|7042|7082|slooti|Select|INFO|0|Ouverture de la table error_messages de type FT
20130117213642|TOOLS|7042|7082|slooti|Select|INFO|0|Condition de selection sur error_messages : Function=.Unknown
20130117213643|TOOLS|7042|7083|slooti|Select|CRITICAL|202|Impossible de trouver ou d'ouvrir le fichier de definition error_messages where Function = Check.def at /home/slooti/slooti-dev/scriptcooker/bin/Select line 163
20130117213644|TOOLS|7042|7084|slooti|Select|INFO|0|Ouverture du panneau de commande de la table error_messages
20130117213644|TOOLS|7042|7084|slooti|Select|INFO|0|Ouverture de la table error_messages de type FT
20130117213645|TOOLS|7042|7084|slooti|Select|INFO|0|Condition de selection sur error_messages : Error = 2
20130117213646|TOOLS|7042|7085|slooti|Select|INFO|0|Ouverture du panneau de commande de la table error_messages
20130117213646|TOOLS|7042|7085|slooti|Select|INFO|0|Ouverture de la table error_messages de type FT
20130117213646|TOOLS|7042|7085|slooti|Select|INFO|0|Condition de selection sur error_messages : Error = 2.00
20130117213647|TOOLS|7042|7086|slooti|Select|INFO|0|Ouverture du panneau de commande de la table error_messages
20130117213647|TOOLS|7042|7086|slooti|Select|INFO|0|Ouverture de la table error_messages de type FT
20130117213648|TOOLS|7042|7086|slooti|Select|INFO|0|Condition de selection sur error_messages : Error = 2,00
20130117213649|TOOLS|7042|7087|slooti|Select|INFO|0|Ouverture du panneau de commande de la table error_messages
20130117213649|TOOLS|7042|7087|slooti|Select|INFO|0|Ouverture de la table error_messages de type FT
20130117213649|TOOLS|7042|7087|slooti|Select|CRITICAL|202|La valeur donnee pour la colonne Error n'est pas correcte. at /home/slooti/slooti-dev/scriptcooker/bin/Select line 182
20130117213650|TOOLS|7042|7088|slooti|Select|INFO|0|Ouverture du panneau de commande de la table error_messages
20130117213650|TOOLS|7042|7088|slooti|Select|INFO|0|Ouverture de la table error_messages de type FT
20130117213651|TOOLS|7042|7088|slooti|Select|CRITICAL|202|La valeur donnee pour la colonne Error n'est pas correcte. at /home/slooti/slooti-dev/scriptcooker/bin/Select line 182
20130117213652|TOOLS|7042|7089|slooti|Select|INFO|0|Ouverture du panneau de commande de la table error_messages
20130117213652|TOOLS|7042|7089|slooti|Select|INFO|0|Ouverture de la table error_messages de type FT
20130117213652|TOOLS|7042|7089|slooti|Select|CRITICAL|202|L'operateur de selection est incorrect ! at /home/slooti/slooti-dev/scriptcooker/bin/Select line 182
20130117213653|TOOLS|7042|7090|slooti|Select|INFO|0|Ouverture du panneau de commande de la table error_messages
20130117213653|TOOLS|7042|7090|slooti|Select|INFO|0|Ouverture de la table error_messages de type FT
20130117213654|TOOLS|7042|7090|slooti|Select|CRITICAL|202|L'operateur de selection est incorrect ! at /home/slooti/slooti-dev/scriptcooker/bin/Select line 182
20130117213655|TOOLS|7042|7091|slooti|Select|INFO|0|Ouverture du panneau de commande de la table error_messages
20130117213655|TOOLS|7042|7091|slooti|Select|INFO|0|Ouverture de la table error_messages de type FT
20130117213655|TOOLS|7042|7091|slooti|Select|INFO|0|Condition de selection sur error_messages : Error != 2
20130117213656|TOOLS|7042|7092|slooti|Select|INFO|0|Ouverture du panneau de commande de la table error_messages
20130117213656|TOOLS|7042|7092|slooti|Select|INFO|0|Ouverture de la table error_messages de type FT
20130117213657|TOOLS|7042|7092|slooti|Select|INFO|0|Condition de selection sur error_messages : Error > 2
20130117213658|TOOLS|7042|7093|slooti|Select|INFO|0|Ouverture du panneau de commande de la table error_messages
20130117213658|TOOLS|7042|7093|slooti|Select|INFO|0|Ouverture de la table error_messages de type FT
20130117213658|TOOLS|7042|7093|slooti|Select|INFO|0|Condition de selection sur error_messages : Error >= 2
20130117213700|TOOLS|7042|7094|slooti|Select|INFO|0|Ouverture du panneau de commande de la table error_messages
20130117213700|TOOLS|7042|7094|slooti|Select|INFO|0|Ouverture de la table error_messages de type FT
20130117213700|TOOLS|7042|7094|slooti|Select|INFO|0|Condition de selection sur error_messages : Error < 2
20130117213701|TOOLS|7042|7095|slooti|Select|INFO|0|Ouverture du panneau de commande de la table error_messages
20130117213701|TOOLS|7042|7095|slooti|Select|INFO|0|Ouverture de la table error_messages de type FT
20130117213702|TOOLS|7042|7095|slooti|Select|INFO|0|Condition de selection sur error_messages : Error <= 2
20130117213703|TOOLS|7042|7096|slooti|Select|INFO|0|Ouverture du panneau de commande de la table table_simple
20130117213703|TOOLS|7042|7096|slooti|Select|INFO|0|Ouverture de la table table_simple de type FT
20130117213703|TOOLS|7042|7096|slooti|Select|INFO|0|Condition de selection sur table_simple : ID > 1
20130117213704|TOOLS|7042|7097|slooti|Select|INFO|0|Ouverture du panneau de commande de la table table_simple
20130117213704|TOOLS|7042|7097|slooti|Select|INFO|0|Ouverture de la table table_simple de type FT
20130117213705|TOOLS|7042|7097|slooti|Select|INFO|0|Condition de selection sur table_simple : Pourcentage = 60
20130117213706|TOOLS|7042|7098|slooti|Select|INFO|0|Ouverture du panneau de commande de la table table_simple
20130117213706|TOOLS|7042|7098|slooti|Select|INFO|0|Ouverture de la table table_simple de type FT
20130117213706|TOOLS|7042|7098|slooti|Select|WARNING|0|Valeur  prise en compte sans le caractere '%' ! at /home/slooti/slooti-dev/scriptcooker/bin/Select line 182
20130117213706|TOOLS|7042|7098|slooti|Select|INFO|0|Condition de selection sur table_simple : Pourcentage = 60%
20130117213707|TOOLS|7042|7099|slooti|Select|INFO|0|Ouverture du panneau de commande de la table table_simple
20130117213707|TOOLS|7042|7099|slooti|Select|INFO|0|Ouverture de la table table_simple de type FT
20130117213708|TOOLS|7042|7099|slooti|Select|INFO|0|Condition de selection sur table_simple : Pourcentage = 60.00
20130117213708|TOOLS|7042|7100|slooti|Select|INFO|0|Ouverture du panneau de commande de la table table_simple
20130117213708|TOOLS|7042|7100|slooti|Select|INFO|0|Ouverture de la table table_simple de type FT
20130117213709|TOOLS|7042|7100|slooti|Select|CRITICAL|202|La valeur donnee pour la colonne Pourcentage n'est pas correcte. at /home/slooti/slooti-dev/scriptcooker/bin/Select line 182
20130117213710|TOOLS|7042|7101|slooti|Select|INFO|0|Ouverture du panneau de commande de la table table_simple
20130117213710|TOOLS|7042|7101|slooti|Select|INFO|0|Ouverture de la table table_simple de type FT
20130117213710|TOOLS|7042|7101|slooti|Select|CRITICAL|202|La valeur donnee pour la colonne Pourcentage n'est pas correcte. at /home/slooti/slooti-dev/scriptcooker/bin/Select line 182
20130117213711|TOOLS|7042|7102|slooti|Select|INFO|0|Ouverture du panneau de commande de la table table_simple
20130117213711|TOOLS|7042|7102|slooti|Select|INFO|0|Ouverture de la table table_simple de type FT
20130117213712|TOOLS|7042|7102|slooti|Select|CRITICAL|202|L'operateur de selection est incorrect ! at /home/slooti/slooti-dev/scriptcooker/bin/Select line 182
20130117213713|TOOLS|7042|7103|slooti|Select|INFO|0|Ouverture du panneau de commande de la table table_simple
20130117213713|TOOLS|7042|7103|slooti|Select|INFO|0|Ouverture de la table table_simple de type FT
20130117213713|TOOLS|7042|7103|slooti|Select|CRITICAL|202|L'operateur de selection est incorrect ! at /home/slooti/slooti-dev/scriptcooker/bin/Select line 182
20130117213714|TOOLS|7042|7104|slooti|Select|INFO|0|Ouverture du panneau de commande de la table table_simple
20130117213714|TOOLS|7042|7104|slooti|Select|INFO|0|Ouverture de la table table_simple de type FT
20130117213715|TOOLS|7042|7104|slooti|Select|INFO|0|Condition de selection sur table_simple : Pourcentage == 60
20130117213716|TOOLS|7042|7105|slooti|Select|INFO|0|Ouverture du panneau de commande de la table table_simple
20130117213716|TOOLS|7042|7105|slooti|Select|INFO|0|Ouverture de la table table_simple de type FT
20130117213716|TOOLS|7042|7105|slooti|Select|INFO|0|Condition de selection sur table_simple : Pourcentage != 60
20130117213717|TOOLS|7042|7106|slooti|Select|INFO|0|Ouverture du panneau de commande de la table table_simple
20130117213717|TOOLS|7042|7106|slooti|Select|INFO|0|Ouverture de la table table_simple de type FT
20130117213717|TOOLS|7042|7106|slooti|Select|INFO|0|Condition de selection sur table_simple : Pourcentage > 60
20130117213718|TOOLS|7042|7107|slooti|Select|INFO|0|Ouverture du panneau de commande de la table table_simple
20130117213718|TOOLS|7042|7107|slooti|Select|INFO|0|Ouverture de la table table_simple de type FT
20130117213719|TOOLS|7042|7107|slooti|Select|INFO|0|Condition de selection sur table_simple : Pourcentage >= 60
20130117213720|TOOLS|7042|7108|slooti|Select|INFO|0|Ouverture du panneau de commande de la table table_simple
20130117213720|TOOLS|7042|7108|slooti|Select|INFO|0|Ouverture de la table table_simple de type FT
20130117213720|TOOLS|7042|7108|slooti|Select|INFO|0|Condition de selection sur table_simple : Pourcentage < 60
20130117213721|TOOLS|7042|7109|slooti|Select|INFO|0|Ouverture du panneau de commande de la table table_simple
20130117213721|TOOLS|7042|7109|slooti|Select|INFO|0|Ouverture de la table table_simple de type FT
20130117213722|TOOLS|7042|7109|slooti|Select|INFO|0|Condition de selection sur table_simple : Pourcentage <= 60
20130117213723|TOOLS|7042|7110|slooti|Select|INFO|0|Ouverture du panneau de commande de la table error_messages
20130117213723|TOOLS|7042|7110|slooti|Select|INFO|0|Ouverture de la table error_messages de type FT
20130117213723|TOOLS|7042|7110|slooti|Select|INFO|0|Condition de selection sur error_messages : Message = NOPE
20130117213724|TOOLS|7042|7111|slooti|Select|INFO|0|Ouverture du panneau de commande de la table error_messages
20130117213724|TOOLS|7042|7111|slooti|Select|INFO|0|Ouverture de la table error_messages de type FT
20130117213725|TOOLS|7042|7111|slooti|Select|INFO|0|Condition de selection sur error_messages : Message == NOPE
20130117213726|TOOLS|7042|7112|slooti|Select|INFO|0|Ouverture du panneau de commande de la table error_messages
20130117213726|TOOLS|7042|7112|slooti|Select|INFO|0|Ouverture de la table error_messages de type FT
20130117213726|TOOLS|7042|7112|slooti|Select|INFO|0|Condition de selection sur error_messages : Message != NOPE
20130117213728|TOOLS|7042|7113|slooti|Select|INFO|0|Ouverture du panneau de commande de la table error_messages
20130117213728|TOOLS|7042|7113|slooti|Select|INFO|0|Ouverture de la table error_messages de type FT
20130117213728|TOOLS|7042|7113|slooti|Select|INFO|0|Condition de selection sur error_messages : Message ~ NOPE
20130117213729|TOOLS|7042|7114|slooti|Select|INFO|0|Ouverture du panneau de commande de la table error_messages
20130117213729|TOOLS|7042|7114|slooti|Select|INFO|0|Ouverture de la table error_messages de type FT
20130117213730|TOOLS|7042|7114|slooti|Select|INFO|0|Condition de selection sur error_messages : Message !~ NOPE
20130117213731|TOOLS|7042|7115|slooti|Select|INFO|0|Ouverture du panneau de commande de la table error_messages
20130117213731|TOOLS|7042|7115|slooti|Select|INFO|0|Ouverture de la table error_messages de type FT
20130117213731|TOOLS|7042|7115|slooti|Select|INFO|0|Condition de selection sur error_messages : Message ~ Aucune
20130117213732|TOOLS|7042|7116|slooti|Select|INFO|0|Ouverture du panneau de commande de la table error_messages
20130117213732|TOOLS|7042|7116|slooti|Select|INFO|0|Ouverture de la table error_messages de type FT
20130117213733|TOOLS|7042|7116|slooti|Select|INFO|0|Condition de selection sur error_messages : Message ~ Aucune ligne
20130117213734|TOOLS|7042|7117|slooti|Select|INFO|0|Ouverture du panneau de commande de la table error_messages
20130117213734|TOOLS|7042|7117|slooti|Select|INFO|0|Ouverture de la table error_messages de type FT
20130117213734|TOOLS|7042|7117|slooti|Select|INFO|0|Condition de selection sur error_messages : Message ~ "Aucune ligne"
20130117213735|TOOLS|7042|7118|slooti|Select|INFO|0|Ouverture du panneau de commande de la table error_messages
20130117213735|TOOLS|7042|7118|slooti|Select|INFO|0|Ouverture de la table error_messages de type FT
20130117213736|TOOLS|7042|7118|slooti|Select|INFO|0|Condition de selection sur error_messages : Message ~ 'Aucune ligne'
20130117213737|TOOLS|7042|7119|slooti|Select|INFO|0|Ouverture du panneau de commande de la table error_messages
20130117213737|TOOLS|7042|7119|slooti|Select|INFO|0|Ouverture de la table error_messages de type FT
20130117213738|TOOLS|7042|7119|slooti|Select|INFO|0|Condition de selection sur error_messages : Message ~ \
20130117213739|TOOLS|7042|7120|slooti|Select|INFO|0|Ouverture du panneau de commande de la table error_messages
20130117213739|TOOLS|7042|7120|slooti|Select|INFO|0|Ouverture de la table error_messages de type FT
20130117213739|TOOLS|7042|7120|slooti|Select|INFO|0|Condition de selection sur error_messages : Message ~ \\
20130117213740|TOOLS|7042|7121|slooti|Select|INFO|0|Ouverture du panneau de commande de la table error_messages
20130117213740|TOOLS|7042|7121|slooti|Select|INFO|0|Ouverture de la table error_messages de type FT
20130117213741|TOOLS|7042|7121|slooti|Select|INFO|0|Condition de selection sur error_messages : Message < Aucune
20130117213742|TOOLS|7042|7122|slooti|Select|INFO|0|Ouverture du panneau de commande de la table error_messages
20130117213742|TOOLS|7042|7122|slooti|Select|INFO|0|Ouverture de la table error_messages de type FT
20130117213742|TOOLS|7042|7122|slooti|Select|INFO|0|Condition de selection sur error_messages : Message <= Aucune
20130117213743|TOOLS|7042|7124|slooti|Select|INFO|0|Ouverture du panneau de commande de la table error_messages
20130117213743|TOOLS|7042|7124|slooti|Select|INFO|0|Ouverture de la table error_messages de type FT
20130117213744|TOOLS|7042|7124|slooti|Select|INFO|0|Condition de selection sur error_messages : Message > Aucune
20130117213745|TOOLS|7042|7125|slooti|Select|INFO|0|Ouverture du panneau de commande de la table error_messages
20130117213745|TOOLS|7042|7125|slooti|Select|INFO|0|Ouverture de la table error_messages de type FT
20130117213745|TOOLS|7042|7125|slooti|Select|INFO|0|Condition de selection sur error_messages : Message >= Aucune
20130117213747|TOOLS|7042|7126|slooti|Select|INFO|0|Ouverture du panneau de commande de la table error_messages
20130117213747|TOOLS|7042|7126|slooti|Select|INFO|0|Ouverture de la table error_messages de type FT
20130117213747|TOOLS|7042|7126|slooti|Select|INFO|0|Condition de selection sur error_messages : Message ~ "and"
20130117213748|TOOLS|7042|7127|slooti|Select|INFO|0|Ouverture du panneau de commande de la table error_messages
20130117213748|TOOLS|7042|7127|slooti|Select|INFO|0|Ouverture de la table error_messages de type FT
20130117213749|TOOLS|7042|7127|slooti|Select|INFO|0|Condition de selection sur error_messages : Message ~ 'and'
20130117213750|TOOLS|7042|7128|slooti|Select|INFO|0|Ouverture du panneau de commande de la table table_simple
20130117213750|TOOLS|7042|7128|slooti|Select|INFO|0|Ouverture de la table table_simple de type FT
20130117213750|TOOLS|7042|7128|slooti|Select|INFO|0|Condition de selection sur table_simple : Date = 20110101120000
20130117213751|TOOLS|7042|7129|slooti|Select|INFO|0|Ouverture du panneau de commande de la table table_simple
20130117213751|TOOLS|7042|7129|slooti|Select|INFO|0|Ouverture de la table table_simple de type FT
20130117213752|TOOLS|7042|7129|slooti|Select|INFO|0|Condition de selection sur table_simple : Date = 2011
20130117213753|TOOLS|7042|7130|slooti|Select|INFO|0|Ouverture du panneau de commande de la table table_simple
20130117213753|TOOLS|7042|7130|slooti|Select|INFO|0|Ouverture de la table table_simple de type FT
20130117213753|TOOLS|7042|7130|slooti|Select|INFO|0|Condition de selection sur table_simple : Date != 20110101120000
20130117213754|TOOLS|7042|7131|slooti|Select|INFO|0|Ouverture du panneau de commande de la table table_simple
20130117213754|TOOLS|7042|7131|slooti|Select|INFO|0|Ouverture de la table table_simple de type FT
20130117213754|TOOLS|7042|7131|slooti|Select|INFO|0|Condition de selection sur table_simple : Date ~ 2011
20130117213755|TOOLS|7042|7132|slooti|Select|INFO|0|Ouverture du panneau de commande de la table table_simple
20130117213755|TOOLS|7042|7132|slooti|Select|INFO|0|Ouverture de la table table_simple de type FT
20130117213756|TOOLS|7042|7132|slooti|Select|INFO|0|Condition de selection sur table_simple : Date !~ 2011
20130117213757|TOOLS|7042|7133|slooti|Select|INFO|0|Ouverture du panneau de commande de la table table_simple
20130117213757|TOOLS|7042|7133|slooti|Select|INFO|0|Ouverture de la table table_simple de type FT
20130117213757|TOOLS|7042|7133|slooti|Select|INFO|0|Condition de selection sur table_simple : Date < 2011
20130117213758|TOOLS|7042|7134|slooti|Select|INFO|0|Ouverture du panneau de commande de la table table_simple
20130117213758|TOOLS|7042|7134|slooti|Select|INFO|0|Ouverture de la table table_simple de type FT
20130117213759|TOOLS|7042|7134|slooti|Select|INFO|0|Condition de selection sur table_simple : Date <= 2011
20130117213800|TOOLS|7042|7135|slooti|Select|INFO|0|Ouverture du panneau de commande de la table table_simple
20130117213800|TOOLS|7042|7135|slooti|Select|INFO|0|Ouverture de la table table_simple de type FT
20130117213800|TOOLS|7042|7135|slooti|Select|INFO|0|Condition de selection sur table_simple : Date > 2011
20130117213801|TOOLS|7042|7136|slooti|Select|INFO|0|Ouverture du panneau de commande de la table table_simple
20130117213801|TOOLS|7042|7136|slooti|Select|INFO|0|Ouverture de la table table_simple de type FT
20130117213802|TOOLS|7042|7136|slooti|Select|INFO|0|Condition de selection sur table_simple : Date >= 2011
20130117213802|TOOLS|7042|7137|slooti|Select|INFO|0|Ouverture du panneau de commande de la table table_simple
20130117213802|TOOLS|7042|7137|slooti|Select|INFO|0|Ouverture de la table table_simple de type FT
20130117213803|TOOLS|7042|7137|slooti|Select|INFO|0|Condition de selection sur table_simple : Bool = 1
20130117213804|TOOLS|7042|7138|slooti|Select|INFO|0|Ouverture du panneau de commande de la table table_simple
20130117213804|TOOLS|7042|7138|slooti|Select|INFO|0|Ouverture de la table table_simple de type FT
20130117213804|TOOLS|7042|7138|slooti|Select|INFO|0|Condition de selection sur table_simple : Bool = 0
20130117213805|TOOLS|7042|7139|slooti|Select|INFO|0|Ouverture du panneau de commande de la table table_simple
20130117213805|TOOLS|7042|7139|slooti|Select|INFO|0|Ouverture de la table table_simple de type FT
20130117213806|TOOLS|7042|7139|slooti|Select|INFO|0|Condition de selection sur table_simple : Bool = O
20130117213807|TOOLS|7042|7140|slooti|Select|INFO|0|Ouverture du panneau de commande de la table table_simple
20130117213807|TOOLS|7042|7140|slooti|Select|INFO|0|Ouverture de la table table_simple de type FT
20130117213807|TOOLS|7042|7140|slooti|Select|INFO|0|Condition de selection sur table_simple : Bool = N
20130117213808|TOOLS|7042|7141|slooti|Select|INFO|0|Ouverture du panneau de commande de la table table_simple
20130117213808|TOOLS|7042|7141|slooti|Select|INFO|0|Ouverture de la table table_simple de type FT
20130117213808|TOOLS|7042|7141|slooti|Select|INFO|0|Condition de selection sur table_simple : Bool = Y
20130117213809|TOOLS|7042|7142|slooti|Select|INFO|0|Ouverture du panneau de commande de la table table_simple
20130117213809|TOOLS|7042|7142|slooti|Select|INFO|0|Ouverture de la table table_simple de type FT
20130117213810|TOOLS|7042|7142|slooti|Select|CRITICAL|202|La valeur donnee pour la colonne Bool n'est pas correcte. at /home/slooti/slooti-dev/scriptcooker/bin/Select line 182
20130117213811|TOOLS|7042|7143|slooti|Select|INFO|0|Ouverture du panneau de commande de la table table_simple
20130117213811|TOOLS|7042|7143|slooti|Select|INFO|0|Ouverture de la table table_simple de type FT
20130117213811|TOOLS|7042|7143|slooti|Select|CRITICAL|202|La valeur donnee pour la colonne Bool n'est pas correcte. at /home/slooti/slooti-dev/scriptcooker/bin/Select line 182
20130117213812|TOOLS|7042|7144|slooti|Select|INFO|0|Ouverture du panneau de commande de la table table_simple
20130117213812|TOOLS|7042|7144|slooti|Select|INFO|0|Ouverture de la table table_simple de type FT
20130117213813|TOOLS|7042|7144|slooti|Select|INFO|0|Condition de selection sur table_simple : Bool != 1
20130117213814|TOOLS|7042|7145|slooti|Select|INFO|0|Ouverture du panneau de commande de la table table_simple
20130117213814|TOOLS|7042|7145|slooti|Select|INFO|0|Ouverture de la table table_simple de type FT
20130117213814|TOOLS|7042|7145|slooti|Select|CRITICAL|202|L'operateur de selection est incorrect ! at /home/slooti/slooti-dev/scriptcooker/bin/Select line 182
20130117213815|TOOLS|7042|7146|slooti|Select|INFO|0|Ouverture du panneau de commande de la table table_simple
20130117213815|TOOLS|7042|7146|slooti|Select|INFO|0|Ouverture de la table table_simple de type FT
20130117213816|TOOLS|7042|7146|slooti|Select|CRITICAL|202|L'operateur de selection est incorrect ! at /home/slooti/slooti-dev/scriptcooker/bin/Select line 182
20130117213817|TOOLS|7042|7147|slooti|Select|INFO|0|Ouverture du panneau de commande de la table table_simple
20130117213817|TOOLS|7042|7147|slooti|Select|INFO|0|Ouverture de la table table_simple de type FT
20130117213817|TOOLS|7042|7147|slooti|Select|CRITICAL|202|L'operateur de selection est incorrect ! at /home/slooti/slooti-dev/scriptcooker/bin/Select line 182
20130117213818|TOOLS|7042|7148|slooti|Select|INFO|0|Ouverture du panneau de commande de la table table_simple
20130117213818|TOOLS|7042|7148|slooti|Select|INFO|0|Ouverture de la table table_simple de type FT
20130117213819|TOOLS|7042|7148|slooti|Select|INFO|0|Condition de selection sur table_simple : Bool < 1
20130117213820|TOOLS|7042|7149|slooti|Select|INFO|0|Ouverture du panneau de commande de la table table_simple
20130117213820|TOOLS|7042|7149|slooti|Select|INFO|0|Ouverture de la table table_simple de type FT
20130117213820|TOOLS|7042|7149|slooti|Select|INFO|0|Condition de selection sur table_simple : Bool <= 1
20130117213821|TOOLS|7042|7150|slooti|Select|INFO|0|Ouverture du panneau de commande de la table table_simple
20130117213821|TOOLS|7042|7150|slooti|Select|INFO|0|Ouverture de la table table_simple de type FT
20130117213822|TOOLS|7042|7150|slooti|Select|INFO|0|Condition de selection sur table_simple : Bool > 1
20130117213822|TOOLS|7042|7151|slooti|Select|INFO|0|Ouverture du panneau de commande de la table table_simple
20130117213822|TOOLS|7042|7151|slooti|Select|INFO|0|Ouverture de la table table_simple de type FT
20130117213823|TOOLS|7042|7151|slooti|Select|INFO|0|Condition de selection sur table_simple : Bool >= 1
20130117213824|TOOLS|7042|7152|slooti|Select|INFO|0|Ouverture du panneau de commande de la table error_messages
20130117213824|TOOLS|7042|7152|slooti|Select|INFO|0|Ouverture de la table error_messages de type FT
20130117213824|TOOLS|7042|7152|slooti|Select|INFO|0|Condition de selection sur error_messages : Error > 80 AND Message ~ Aucune
20130117213825|TOOLS|7042|7153|slooti|Select|INFO|0|Ouverture du panneau de commande de la table error_messages
20130117213825|TOOLS|7042|7153|slooti|Select|INFO|0|Ouverture de la table error_messages de type FT
20130117213826|TOOLS|7042|7153|slooti|Select|INFO|0|Condition de selection sur error_messages : Error > 80 AND Message ~ Aucune ligne AND Function = Replace
20130117213827|TOOLS|7042|7154|slooti|Select|INFO|0|Ouverture du panneau de commande de la table error_messages
20130117213827|TOOLS|7042|7154|slooti|Select|INFO|0|Ouverture de la table error_messages de type FT
20130117213828|TOOLS|7042|7154|slooti|Select|CRITICAL|202|La condition de selection n'est pas valide :  AND AND Function = Replace at /home/slooti/slooti-dev/scriptcooker/bin/Select line 182
20130117213829|TOOLS|7042|7155|slooti|Select|INFO|0|Ouverture du panneau de commande de la table error_messages
20130117213829|TOOLS|7042|7155|slooti|Select|INFO|0|Ouverture de la table error_messages de type FT
20130117213829|TOOLS|7042|7155|slooti|Select|INFO|0|Condition de selection sur error_messages : Error > 80 AND Message ~ 'Aucune ligne AND' AND Function = Replace
20130117213830|TOOLS|7042|7156|slooti|Select|INFO|0|Ouverture du panneau de commande de la table error_messages
20130117213830|TOOLS|7042|7156|slooti|Select|INFO|0|Ouverture de la table error_messages de type FT
20130117213831|TOOLS|7042|7156|slooti|Select|INFO|0|Condition de selection sur error_messages : Error > 80 AND Message ~ "Aucune ligne AND" AND Function = Replace
20130117213832|TOOLS|7042|7157|slooti|Select|INFO|0|Ouverture du panneau de commande de la table error_messages
20130117213832|TOOLS|7042|7157|slooti|Select|INFO|0|Ouverture de la table error_messages de type FT
20130117213832|TOOLS|7042|7157|slooti|Select|INFO|0|Condition de selection sur error_messages : Error > 80 OR Message ~ Aucune
20130117213834|TOOLS|7042|7158|slooti|Select|INFO|0|Ouverture du panneau de commande de la table error_messages
20130117213834|TOOLS|7042|7158|slooti|Select|INFO|0|Ouverture de la table error_messages de type FT
20130117213834|TOOLS|7042|7158|slooti|Select|INFO|0|Condition de selection sur error_messages : Error > 80 OR Message ~ Aucune OR Function = Replace
20130117213835|TOOLS|7042|7159|slooti|Select|INFO|0|Ouverture du panneau de commande de la table error_messages
20130117213835|TOOLS|7042|7159|slooti|Select|INFO|0|Ouverture de la table error_messages de type FT
20130117213836|TOOLS|7042|7159|slooti|Select|INFO|0|Condition de selection sur error_messages : Error > 80 AND Message ~ Aucune OR Function = Replace
20130117213837|TOOLS|7042|7160|slooti|Select|INFO|0|Ouverture du panneau de commande de la table error_messages
20130117213837|TOOLS|7042|7160|slooti|Select|INFO|0|Ouverture de la table error_messages de type FT
20130117213837|TOOLS|7042|7160|slooti|Select|INFO|0|Condition de selection sur error_messages : Error > 80 OR Message ~ Aucune AND Function = Replace
20130117213838|TOOLS|7042|7161|slooti|Select|INFO|0|Ouverture du panneau de commande de la table error_messages
20130117213838|TOOLS|7042|7161|slooti|Select|INFO|0|Ouverture de la table error_messages de type FT
20130117213840|TOOLS|7042|7162|slooti|Select|INFO|0|Ouverture du panneau de commande de la table table_simple
20130117213840|TOOLS|7042|7162|slooti|Select|INFO|0|Ouverture de la table table_simple de type FT
20130117213841|TOOLS|7042|7163|slooti|Select|INFO|0|Ouverture du panneau de commande de la table table_simple
20130117213841|TOOLS|7042|7163|slooti|Select|INFO|0|Ouverture de la table table_simple de type FT
20130117213841|TOOLS|7042|7164|slooti|Select|INFO|0|Ouverture du panneau de commande de la table table_simple
20130117213841|TOOLS|7042|7164|slooti|Select|INFO|0|Ouverture de la table table_simple de type FT
20130117213842|TOOLS|7042|7165|slooti|Select|INFO|0|Ouverture du panneau de commande de la table error_messages
20130117213842|TOOLS|7042|7165|slooti|Select|INFO|0|Ouverture de la table error_messages de type FT
20130117213843|TOOLS|7042|7166|slooti|Select|INFO|0|Ouverture du panneau de commande de la table error_messages
20130117213843|TOOLS|7042|7166|slooti|Select|INFO|0|Ouverture de la table error_messages de type FT
20130117213845|TOOLS|7042|7167|slooti|Select|INFO|0|Ouverture du panneau de commande de la table error_messages
20130117213845|TOOLS|7042|7167|slooti|Select|INFO|0|Ouverture de la table error_messages de type FT
20130117213846|TOOLS|7042|7168|slooti|Select|INFO|0|Ouverture du panneau de commande de la table error_messages
20130117213846|TOOLS|7042|7168|slooti|Select|INFO|0|Ouverture de la table error_messages de type FT
20130117213847|TOOLS|7042|7169|slooti|Select|INFO|0|Ouverture du panneau de commande de la table error_messages
20130117213847|TOOLS|7042|7169|slooti|Select|INFO|0|Ouverture de la table error_messages de type FT
20130117213848|TOOLS|7042|7170|slooti|Select|INFO|0|Ouverture du panneau de commande de la table error_messages_doublesep
20130117213848|TOOLS|7042|7170|slooti|Select|INFO|0|Ouverture de la table error_messages_doublesep de type FT
20130117213849|TOOLS|7042|7171|slooti|Select|INFO|0|Ouverture du panneau de commande de la table error_messages
20130117213849|TOOLS|7042|7171|slooti|Select|INFO|0|Ouverture de la table error_messages de type FT
20130117213850|TOOLS|7042|7172|slooti|Select|INFO|0|Ouverture du panneau de commande de la table error_messages
20130117213850|TOOLS|7042|7172|slooti|Select|INFO|0|Ouverture de la table error_messages de type FT
20130117213852|TOOLS|7042|7173|slooti|Select|INFO|0|Ouverture du panneau de commande de la table error_messages
20130117213852|TOOLS|7042|7173|slooti|Select|INFO|0|Ouverture de la table error_messages de type FT
20130117213853|TOOLS|7042|7174|slooti|Select|INFO|0|Ouverture du panneau de commande de la table error_messages
20130117213853|TOOLS|7042|7174|slooti|Select|INFO|0|Ouverture de la table error_messages de type FT
20130117213854|TOOLS|7042|7175|slooti|Select|INFO|0|Ouverture du panneau de commande de la table error_messages
20130117213854|TOOLS|7042|7175|slooti|Select|INFO|0|Ouverture de la table error_messages de type FT
20130117213855|TOOLS|7042|7176|slooti|Select|INFO|0|Ouverture du panneau de commande de la table error_messages
20130117213855|TOOLS|7042|7176|slooti|Select|INFO|0|Ouverture de la table error_messages de type FT
20130117213856|TOOLS|7042|7177|slooti|Select|INFO|0|Ouverture du panneau de commande de la table error_messages
20130117213856|TOOLS|7042|7177|slooti|Select|INFO|0|Ouverture de la table error_messages de type FT
20130117213857|TOOLS|7042|7178|slooti|Select|INFO|0|Le separateur implicite implicite ',' ne sera plus pris en charge dans la prochaine version des I-TOOLS : error_messages_sort (SORT=Function, Error)
20130117213857|TOOLS|7042|7178|slooti|Select|INFO|0|Le separateur implicite implicite ',' ne sera plus pris en charge dans la prochaine version des I-TOOLS : error_messages_sort (SORT=Function, Error)
20130117213857|TOOLS|7042|7178|slooti|Select|INFO|0|Ouverture du panneau de commande de la table error_messages_sort
20130117213857|TOOLS|7042|7178|slooti|Select|INFO|0|Ouverture de la table error_messages_sort de type FT
20130117213859|TOOLS|7042|7179|slooti|Select|INFO|0|Le separateur implicite implicite ',' ne sera plus pris en charge dans la prochaine version des I-TOOLS : error_messages_sort (SORT=Function, Error)
20130117213859|TOOLS|7042|7179|slooti|Select|INFO|0|Le separateur implicite implicite ',' ne sera plus pris en charge dans la prochaine version des I-TOOLS : error_messages_sort (SORT=Function, Error)
20130117213859|TOOLS|7042|7179|slooti|Select|INFO|0|Ouverture du panneau de commande de la table error_messages_sort
20130117213859|TOOLS|7042|7179|slooti|Select|INFO|0|Ouverture de la table error_messages_sort de type FT
20130117213900|TOOLS|7042|7180|slooti|Select|INFO|0|Le separateur implicite implicite ',' ne sera plus pris en charge dans la prochaine version des I-TOOLS : error_messages_sort (SORT=Function, Error)
20130117213900|TOOLS|7042|7180|slooti|Select|INFO|0|Le separateur implicite implicite ',' ne sera plus pris en charge dans la prochaine version des I-TOOLS : error_messages_sort (SORT=Function, Error)
20130117213900|TOOLS|7042|7180|slooti|Select|INFO|0|Ouverture du panneau de commande de la table error_messages_sort
20130117213900|TOOLS|7042|7180|slooti|Select|INFO|0|Ouverture de la table error_messages_sort de type FT
20130117213901|TOOLS|7042|7181|slooti|Select|CRITICAL|202|Impossible de trouver ou d'ouvrir le fichier de definition error_messages ORDER BY Function,Error.def at /home/slooti/slooti-dev/scriptcooker/bin/Select line 163
20130117213902|TOOLS|7042|7190|slooti|Select|INFO|0|Ouverture du panneau de commande de la table table_command_nosort
20130117213902|TOOLS|7042|7190|slooti|Select|INFO|0|Ouverture de la table table_command_nosort de type FT
20130117213903|TOOLS|7042|7195|slooti|Select|INFO|0|Ouverture du panneau de commande de la table table_command_nosort
20130117213903|TOOLS|7042|7195|slooti|Select|INFO|0|Ouverture de la table table_command_nosort de type FT
20130117213904|TOOLS|7042|7197|slooti|Select|INFO|0|Ouverture du panneau de commande de la table table_command_nosort
20130117213904|TOOLS|7042|7197|slooti|Select|INFO|0|Ouverture de la table table_command_nosort de type FT
20130117213905|TOOLS|7042|7199|slooti|Select|INFO|0|Ouverture du panneau de commande de la table table_command_nokey
20130117213905|TOOLS|7042|7199|slooti|Select|INFO|0|Ouverture de la table table_command_nokey de type FT
20130117213906|TOOLS|7042|7201|slooti|Select|INFO|0|Ouverture du panneau de commande de la table table_command_nokey
20130117213906|TOOLS|7042|7201|slooti|Select|INFO|0|Ouverture de la table table_command_nokey de type FT
20130117213907|TOOLS|7042|7203|slooti|Select|INFO|0|Ouverture du panneau de commande de la table table_command_nokey
20130117213907|TOOLS|7042|7203|slooti|Select|INFO|0|Ouverture de la table table_command_nokey de type FT
20130117213908|TOOLS|7042|7205|slooti|Select|INFO|0|Ouverture du panneau de commande de la table error_messages_doublesep
20130117213908|TOOLS|7042|7205|slooti|Select|INFO|0|Ouverture de la table error_messages_doublesep de type FT
20130117213909|TOOLS|7042|7206|slooti|Select|INFO|0|Ouverture du panneau de commande de la table error_messages
20130117213909|TOOLS|7042|7206|slooti|Select|INFO|0|Ouverture de la table error_messages de type FT
20130117213910|TOOLS|7042|7207|slooti|Select|INFO|0|Ouverture du panneau de commande de la table error_messages
20130117213910|TOOLS|7042|7207|slooti|Select|INFO|0|Ouverture de la table error_messages de type FT
20130117213911|TOOLS|7042|7208|slooti|Select|INFO|0|Ouverture du panneau de commande de la table error_messages
20130117213911|TOOLS|7042|7208|slooti|Select|INFO|0|Ouverture de la table error_messages de type FT
20130117213912|TOOLS|7042|7208|slooti|Select|INFO|0|Condition de selection sur error_messages : Error=2
20130117213913|TOOLS|7042|7209|slooti|Select|INFO|0|Ouverture du panneau de commande de la table error_messages
20130117213913|TOOLS|7042|7209|slooti|Select|INFO|0|Ouverture de la table error_messages de type FT
20130117213913|TOOLS|7042|7209|slooti|Select|INFO|0|Condition de selection sur error_messages : Error=2
20130117213915|TOOLS|7042|7210|slooti|Select|INFO|0|Le separateur implicite implicite ',' ne sera plus pris en charge dans la prochaine version des I-TOOLS : table_command (SORT=Function, N#Error)
20130117213915|TOOLS|7042|7210|slooti|Select|INFO|0|Le separateur implicite implicite ',' ne sera plus pris en charge dans la prochaine version des I-TOOLS : table_command (SORT=Function, N#Error)
20130117213915|TOOLS|7042|7210|slooti|Select|INFO|0|Ouverture du panneau de commande de la table table_command
20130117213915|TOOLS|7042|7210|slooti|Select|INFO|0|Ouverture de la table table_command de type FT
20130117213916|TOOLS|7042|7212|slooti|Select|INFO|0|Le separateur implicite implicite ',' ne sera plus pris en charge dans la prochaine version des I-TOOLS : error_messages_file (SORT=Function, Error)
20130117213916|TOOLS|7042|7212|slooti|Select|INFO|0|Le separateur implicite implicite ',' ne sera plus pris en charge dans la prochaine version des I-TOOLS : error_messages_file (SORT=Function, Error)
20130117213916|TOOLS|7042|7212|slooti|Select|INFO|0|Ouverture du panneau de commande de la table error_messages_file
20130117213916|TOOLS|7042|7212|slooti|Select|INFO|0|Ouverture de la table error_messages_file de type FT
20130117213917|TOOLS|7042|7213|slooti|Select|INFO|0|Le separateur implicite implicite ',' ne sera plus pris en charge dans la prochaine version des I-TOOLS : error_messages_file_bad (SORT=Function, Error)
20130117213917|TOOLS|7042|7213|slooti|Select|INFO|0|Le separateur implicite implicite ',' ne sera plus pris en charge dans la prochaine version des I-TOOLS : error_messages_file_bad (SORT=Function, Error)
20130117213917|TOOLS|7042|7213|slooti|Select|INFO|0|Ouverture du panneau de commande de la table error_messages_file_bad
20130117213917|TOOLS|7042|7213|slooti|Select|INFO|0|Ouverture de la table error_messages_file_bad de type FT
20130117213917|TOOLS|7042|7213|slooti|Select|CRITICAL|202|fichier tab introuvable : t/sample/tab/error_messages_xxx at /home/slooti/slooti-dev/scriptcooker/bin/Select line 213
20130117213918|TOOLS|7042|7214|slooti|Select|INFO|0|Le separateur implicite implicite ',' ne sera plus pris en charge dans la prochaine version des I-TOOLS : error_messages_file_dyn (SORT=Function, Error)
20130117213918|TOOLS|7042|7214|slooti|Select|INFO|0|Le separateur implicite implicite ',' ne sera plus pris en charge dans la prochaine version des I-TOOLS : error_messages_file_dyn (SORT=Function, Error)
20130117213918|TOOLS|7042|7214|slooti|Select|INFO|0|Ouverture du panneau de commande de la table error_messages_file_dyn
20130117213918|TOOLS|7042|7214|slooti|Select|INFO|0|Ouverture de la table error_messages_file_dyn de type FT
20130117213919|TOOLS|7042|7215|slooti|Select|INFO|0|Le separateur implicite implicite ',' ne sera plus pris en charge dans la prochaine version des I-TOOLS : error_messages_file_dyn_bad (SORT=Function, Error)
20130117213919|TOOLS|7042|7215|slooti|Select|INFO|0|Le separateur implicite implicite ',' ne sera plus pris en charge dans la prochaine version des I-TOOLS : error_messages_file_dyn_bad (SORT=Function, Error)
20130117213919|TOOLS|7042|7215|slooti|Select|INFO|0|Ouverture du panneau de commande de la table error_messages_file_dyn_bad
20130117213919|TOOLS|7042|7215|slooti|Select|INFO|0|Ouverture de la table error_messages_file_dyn_bad de type FT
20130117213919|TOOLS|7042|7215|slooti|Select|CRITICAL|202|fichier tab introuvable : error_messages_xxx at /home/slooti/slooti-dev/scriptcooker/bin/Select line 213
20130117213921|TOOLS|7219|7221|slooti|Sort|CRITICAL|202|La chaine de definition SEP n'est pas valide ou est absente at /home/slooti/slooti-dev/scriptcooker/bin/Sort line 163
20130117213923|TOOLS|7222|7223|slooti|Select|INFO|0|Ouverture du panneau de commande de la table error_messages
20130117213923|TOOLS|7222|7223|slooti|Select|INFO|0|Ouverture de la table error_messages de type FT
20130117213925|TOOLS|7225|7226|slooti|Select|INFO|0|Ouverture du panneau de commande de la table error_messages
20130117213925|TOOLS|7225|7226|slooti|Select|INFO|0|Ouverture de la table error_messages de type FT
20130117213928|TOOLS|7228|7229|slooti|Select|INFO|0|Ouverture du panneau de commande de la table error_messages
20130117213928|TOOLS|7228|7229|slooti|Select|INFO|0|Ouverture de la table error_messages de type FT
20130117213930|TOOLS|7231|7232|slooti|Select|INFO|0|Ouverture du panneau de commande de la table error_messages
20130117213930|TOOLS|7231|7232|slooti|Select|INFO|0|Ouverture de la table error_messages de type FT
20130117213933|TOOLS|7234|7235|slooti|Select|INFO|0|Ouverture du panneau de commande de la table error_messages
20130117213933|TOOLS|7234|7235|slooti|Select|INFO|0|Ouverture de la table error_messages de type FT
20130117213935|TOOLS|7237|7238|slooti|Select|INFO|0|Ouverture du panneau de commande de la table error_messages
20130117213935|TOOLS|7237|7238|slooti|Select|INFO|0|Ouverture de la table error_messages de type FT
20130117213938|TOOLS|7240|7241|slooti|Select|INFO|0|Ouverture du panneau de commande de la table error_messages
20130117213938|TOOLS|7240|7241|slooti|Select|INFO|0|Ouverture de la table error_messages de type FT
20130117213940|TOOLS|7243|7244|slooti|Select|INFO|0|Ouverture du panneau de commande de la table error_messages
20130117213940|TOOLS|7243|7244|slooti|Select|INFO|0|Ouverture de la table error_messages de type FT
20130117213943|TOOLS|7246|7247|slooti|Select|INFO|0|Ouverture du panneau de commande de la table error_messages
20130117213943|TOOLS|7246|7247|slooti|Select|INFO|0|Ouverture de la table error_messages de type FT
20130117213945|TOOLS|7249|7250|slooti|Select|INFO|0|Ouverture du panneau de commande de la table error_messages
20130117213945|TOOLS|7249|7250|slooti|Select|INFO|0|Ouverture de la table error_messages de type FT
20130117213948|TOOLS|7252|7253|slooti|Select|INFO|0|Ouverture du panneau de commande de la table error_messages
20130117213948|TOOLS|7252|7253|slooti|Select|INFO|0|Ouverture de la table error_messages de type FT
20130117213950|TOOLS|7255|7256|slooti|Select|INFO|0|Le separateur implicite implicite ',' ne sera plus pris en charge dans la prochaine version des I-TOOLS : error_messages_dup (SORT=Function, Error)
20130117213950|TOOLS|7255|7256|slooti|Select|INFO|0|Le separateur implicite implicite ',' ne sera plus pris en charge dans la prochaine version des I-TOOLS : error_messages_dup (SORT=Function, Error)
20130117213950|TOOLS|7255|7256|slooti|Select|INFO|0|Ouverture du panneau de commande de la table error_messages_dup
20130117213950|TOOLS|7255|7256|slooti|Select|INFO|0|Ouverture de la table error_messages_dup de type FT
20130117213953|TOOLS|7259|7260|slooti|Select|INFO|0|Le separateur implicite implicite ',' ne sera plus pris en charge dans la prochaine version des I-TOOLS : error_messages_dup (SORT=Function, Error)
20130117213953|TOOLS|7259|7260|slooti|Select|INFO|0|Le separateur implicite implicite ',' ne sera plus pris en charge dans la prochaine version des I-TOOLS : error_messages_dup (SORT=Function, Error)
20130117213953|TOOLS|7259|7260|slooti|Select|INFO|0|Ouverture du panneau de commande de la table error_messages_dup
20130117213953|TOOLS|7259|7260|slooti|Select|INFO|0|Ouverture de la table error_messages_dup de type FT
20130117213956|TOOLS|7262|7263|slooti|Select|INFO|0|Le separateur implicite implicite ',' ne sera plus pris en charge dans la prochaine version des I-TOOLS : error_messages_dup (SORT=Function, Error)
20130117213956|TOOLS|7262|7263|slooti|Select|INFO|0|Le separateur implicite implicite ',' ne sera plus pris en charge dans la prochaine version des I-TOOLS : error_messages_dup (SORT=Function, Error)
20130117213956|TOOLS|7262|7263|slooti|Select|INFO|0|Ouverture du panneau de commande de la table error_messages_dup
20130117213956|TOOLS|7262|7263|slooti|Select|INFO|0|Ouverture de la table error_messages_dup de type FT
20130117213958|TOOLS|7265|7266|slooti|Select|INFO|0|Le separateur implicite implicite ',' ne sera plus pris en charge dans la prochaine version des I-TOOLS : error_messages_dup (SORT=Function, Error)
20130117213958|TOOLS|7265|7266|slooti|Select|INFO|0|Le separateur implicite implicite ',' ne sera plus pris en charge dans la prochaine version des I-TOOLS : error_messages_dup (SORT=Function, Error)
20130117213958|TOOLS|7265|7266|slooti|Select|INFO|0|Ouverture du panneau de commande de la table error_messages_dup
20130117213958|TOOLS|7265|7266|slooti|Select|INFO|0|Ouverture de la table error_messages_dup de type FT
20130117214001|TOOLS|7270|7271|slooti|Select|INFO|0|Ouverture du panneau de commande de la table error_messages
20130117214001|TOOLS|7270|7271|slooti|Select|INFO|0|Ouverture de la table error_messages de type FT
20130117214004|TOOLS|7282|7283|slooti|Select|INFO|0|Ouverture du panneau de commande de la table error_messages
20130117214004|TOOLS|7282|7283|slooti|Select|INFO|0|Ouverture de la table error_messages de type FT
